/home/prachit/jackal_ws/install/jackal_control/lib/python3.10/site-packages/jackal_control/traj_plotter.py
/home/prachit/jackal_ws/install/jackal_control/lib/python3.10/site-packages/jackal_control/odom_listener.py
/home/prachit/jackal_ws/install/jackal_control/lib/python3.10/site-packages/jackal_control/__init__.py
/home/prachit/jackal_ws/install/jackal_control/lib/python3.10/site-packages/jackal_control/circle.py
/home/prachit/jackal_ws/install/jackal_control/lib/python3.10/site-packages/jackal_control/__pycache__/traj_plotter.cpython-310.pyc
/home/prachit/jackal_ws/install/jackal_control/lib/python3.10/site-packages/jackal_control/__pycache__/odom_listener.cpython-310.pyc
/home/prachit/jackal_ws/install/jackal_control/lib/python3.10/site-packages/jackal_control/__pycache__/__init__.cpython-310.pyc
/home/prachit/jackal_ws/install/jackal_control/lib/python3.10/site-packages/jackal_control/__pycache__/circle.cpython-310.pyc
/home/prachit/jackal_ws/install/jackal_control/share/ament_index/resource_index/packages/jackal_control
/home/prachit/jackal_ws/install/jackal_control/share/jackal_control/package.xml
/home/prachit/jackal_ws/install/jackal_control/lib/python3.10/site-packages/jackal_control-0.0.0-py3.10.egg-info/PKG-INFO
/home/prachit/jackal_ws/install/jackal_control/lib/python3.10/site-packages/jackal_control-0.0.0-py3.10.egg-info/dependency_links.txt
/home/prachit/jackal_ws/install/jackal_control/lib/python3.10/site-packages/jackal_control-0.0.0-py3.10.egg-info/zip-safe
/home/prachit/jackal_ws/install/jackal_control/lib/python3.10/site-packages/jackal_control-0.0.0-py3.10.egg-info/top_level.txt
/home/prachit/jackal_ws/install/jackal_control/lib/python3.10/site-packages/jackal_control-0.0.0-py3.10.egg-info/SOURCES.txt
/home/prachit/jackal_ws/install/jackal_control/lib/python3.10/site-packages/jackal_control-0.0.0-py3.10.egg-info/entry_points.txt
/home/prachit/jackal_ws/install/jackal_control/lib/python3.10/site-packages/jackal_control-0.0.0-py3.10.egg-info/requires.txt
/home/prachit/jackal_ws/install/jackal_control/lib/jackal_control/circle
/home/prachit/jackal_ws/install/jackal_control/lib/jackal_control/listener
/home/prachit/jackal_ws/install/jackal_control/lib/jackal_control/traj_plotter
