running develop
Removing /home/prachit/jackal_ws/install/jackal_control/lib/python3.10/site-packages/jackal-control.egg-link (link to .)
running egg_info
writing ../../build/jackal_control/jackal_control.egg-info/PKG-INFO
writing dependency_links to ../../build/jackal_control/jackal_control.egg-info/dependency_links.txt
writing entry points to ../../build/jackal_control/jackal_control.egg-info/entry_points.txt
writing requirements to ../../build/jackal_control/jackal_control.egg-info/requires.txt
writing top-level names to ../../build/jackal_control/jackal_control.egg-info/top_level.txt
reading manifest file '../../build/jackal_control/jackal_control.egg-info/SOURCES.txt'
writing manifest file '../../build/jackal_control/jackal_control.egg-info/SOURCES.txt'
running build
running build_py
creating /home/prachit/jackal_ws/build/jackal_control/build
creating /home/prachit/jackal_ws/build/jackal_control/build/lib
creating /home/prachit/jackal_ws/build/jackal_control/build/lib/jackal_control
copying jackal_control/traj_plotter.py -> /home/prachit/jackal_ws/build/jackal_control/build/lib/jackal_control
copying jackal_control/odom_listener.py -> /home/prachit/jackal_ws/build/jackal_control/build/lib/jackal_control
copying jackal_control/__init__.py -> /home/prachit/jackal_ws/build/jackal_control/build/lib/jackal_control
copying jackal_control/circle.py -> /home/prachit/jackal_ws/build/jackal_control/build/lib/jackal_control
running install
running install_lib
creating /home/prachit/jackal_ws/install/jackal_control/lib/python3.10/site-packages/jackal_control
copying /home/prachit/jackal_ws/build/jackal_control/build/lib/jackal_control/traj_plotter.py -> /home/prachit/jackal_ws/install/jackal_control/lib/python3.10/site-packages/jackal_control
copying /home/prachit/jackal_ws/build/jackal_control/build/lib/jackal_control/odom_listener.py -> /home/prachit/jackal_ws/install/jackal_control/lib/python3.10/site-packages/jackal_control
copying /home/prachit/jackal_ws/build/jackal_control/build/lib/jackal_control/__init__.py -> /home/prachit/jackal_ws/install/jackal_control/lib/python3.10/site-packages/jackal_control
copying /home/prachit/jackal_ws/build/jackal_control/build/lib/jackal_control/circle.py -> /home/prachit/jackal_ws/install/jackal_control/lib/python3.10/site-packages/jackal_control
byte-compiling /home/prachit/jackal_ws/install/jackal_control/lib/python3.10/site-packages/jackal_control/traj_plotter.py to traj_plotter.cpython-310.pyc
byte-compiling /home/prachit/jackal_ws/install/jackal_control/lib/python3.10/site-packages/jackal_control/odom_listener.py to odom_listener.cpython-310.pyc
byte-compiling /home/prachit/jackal_ws/install/jackal_control/lib/python3.10/site-packages/jackal_control/__init__.py to __init__.cpython-310.pyc
byte-compiling /home/prachit/jackal_ws/install/jackal_control/lib/python3.10/site-packages/jackal_control/circle.py to circle.cpython-310.pyc
running install_data
copying resource/jackal_control -> /home/prachit/jackal_ws/install/jackal_control/share/ament_index/resource_index/packages
copying package.xml -> /home/prachit/jackal_ws/install/jackal_control/share/jackal_control
running install_egg_info
Copying ../../build/jackal_control/jackal_control.egg-info to /home/prachit/jackal_ws/install/jackal_control/lib/python3.10/site-packages/jackal_control-0.0.0-py3.10.egg-info
running install_scripts
Installing circle script to /home/prachit/jackal_ws/install/jackal_control/lib/jackal_control
Installing listener script to /home/prachit/jackal_ws/install/jackal_control/lib/jackal_control
Installing traj_plotter script to /home/prachit/jackal_ws/install/jackal_control/lib/jackal_control
writing list of installed files to '/home/prachit/jackal_ws/build/jackal_control/install.log'
