[0.339s] Invoking command in '/home/prachit/jackal_ws/build/jackal_control': PYTHONPATH=/home/prachit/jackal_ws/build/jackal_control/prefix_override:/usr/lib/python3/dist-packages/colcon_core/task/python/colcon_distutils_commands:/home/prachit/jackal_ws/install/jackal_control/lib/python3.10/site-packages:${PYTHONPATH} /usr/bin/python3 -W ignore:setup.py install is deprecated -W ignore:easy_install command is deprecated setup.py develop --uninstall --editable --build-directory /home/prachit/jackal_ws/build/jackal_control/build
[0.481s] running develop
[0.573s] Removing /home/prachit/jackal_ws/install/jackal_control/lib/python3.10/site-packages/jackal-control.egg-link (link to .)
[0.589s] Invoked command in '/home/prachit/jackal_ws/build/jackal_control' returned '0': PYTHONPATH=/home/prachit/jackal_ws/build/jackal_control/prefix_override:/usr/lib/python3/dist-packages/colcon_core/task/python/colcon_distutils_commands:/home/prachit/jackal_ws/install/jackal_control/lib/python3.10/site-packages:${PYTHONPATH} /usr/bin/python3 -W ignore:setup.py install is deprecated -W ignore:easy_install command is deprecated setup.py develop --uninstall --editable --build-directory /home/prachit/jackal_ws/build/jackal_control/build
[0.591s] Invoking command in '/home/prachit/jackal_ws/src/jackal_control': PYTHONPATH=/home/prachit/jackal_ws/build/jackal_control/prefix_override:/usr/lib/python3/dist-packages/colcon_core/task/python/colcon_distutils_commands:/home/prachit/jackal_ws/install/jackal_control/lib/python3.10/site-packages:${PYTHONPATH} /usr/bin/python3 -W ignore:setup.py install is deprecated -W ignore:easy_install command is deprecated setup.py egg_info --egg-base ../../build/jackal_control build --build-base /home/prachit/jackal_ws/build/jackal_control/build install --record /home/prachit/jackal_ws/build/jackal_control/install.log --single-version-externally-managed install_data --force
[0.719s] running egg_info
[0.719s] writing ../../build/jackal_control/jackal_control.egg-info/PKG-INFO
[0.720s] writing dependency_links to ../../build/jackal_control/jackal_control.egg-info/dependency_links.txt
[0.720s] writing entry points to ../../build/jackal_control/jackal_control.egg-info/entry_points.txt
[0.720s] writing requirements to ../../build/jackal_control/jackal_control.egg-info/requires.txt
[0.720s] writing top-level names to ../../build/jackal_control/jackal_control.egg-info/top_level.txt
[0.723s] reading manifest file '../../build/jackal_control/jackal_control.egg-info/SOURCES.txt'
[0.724s] writing manifest file '../../build/jackal_control/jackal_control.egg-info/SOURCES.txt'
[0.724s] running build
[0.724s] running build_py
[0.724s] creating /home/prachit/jackal_ws/build/jackal_control/build
[0.724s] creating /home/prachit/jackal_ws/build/jackal_control/build/lib
[0.724s] creating /home/prachit/jackal_ws/build/jackal_control/build/lib/jackal_control
[0.724s] copying jackal_control/traj_plotter.py -> /home/prachit/jackal_ws/build/jackal_control/build/lib/jackal_control
[0.724s] copying jackal_control/odom_listener.py -> /home/prachit/jackal_ws/build/jackal_control/build/lib/jackal_control
[0.724s] copying jackal_control/__init__.py -> /home/prachit/jackal_ws/build/jackal_control/build/lib/jackal_control
[0.725s] copying jackal_control/circle.py -> /home/prachit/jackal_ws/build/jackal_control/build/lib/jackal_control
[0.725s] running install
[0.725s] running install_lib
[0.725s] creating /home/prachit/jackal_ws/install/jackal_control/lib/python3.10/site-packages/jackal_control
[0.725s] copying /home/prachit/jackal_ws/build/jackal_control/build/lib/jackal_control/traj_plotter.py -> /home/prachit/jackal_ws/install/jackal_control/lib/python3.10/site-packages/jackal_control
[0.725s] copying /home/prachit/jackal_ws/build/jackal_control/build/lib/jackal_control/odom_listener.py -> /home/prachit/jackal_ws/install/jackal_control/lib/python3.10/site-packages/jackal_control
[0.725s] copying /home/prachit/jackal_ws/build/jackal_control/build/lib/jackal_control/__init__.py -> /home/prachit/jackal_ws/install/jackal_control/lib/python3.10/site-packages/jackal_control
[0.725s] copying /home/prachit/jackal_ws/build/jackal_control/build/lib/jackal_control/circle.py -> /home/prachit/jackal_ws/install/jackal_control/lib/python3.10/site-packages/jackal_control
[0.725s] byte-compiling /home/prachit/jackal_ws/install/jackal_control/lib/python3.10/site-packages/jackal_control/traj_plotter.py to traj_plotter.cpython-310.pyc
[0.727s] byte-compiling /home/prachit/jackal_ws/install/jackal_control/lib/python3.10/site-packages/jackal_control/odom_listener.py to odom_listener.cpython-310.pyc
[0.727s] byte-compiling /home/prachit/jackal_ws/install/jackal_control/lib/python3.10/site-packages/jackal_control/__init__.py to __init__.cpython-310.pyc
[0.727s] byte-compiling /home/prachit/jackal_ws/install/jackal_control/lib/python3.10/site-packages/jackal_control/circle.py to circle.cpython-310.pyc
[0.727s] running install_data
[0.728s] copying resource/jackal_control -> /home/prachit/jackal_ws/install/jackal_control/share/ament_index/resource_index/packages
[0.728s] copying package.xml -> /home/prachit/jackal_ws/install/jackal_control/share/jackal_control
[0.728s] running install_egg_info
[0.729s] Copying ../../build/jackal_control/jackal_control.egg-info to /home/prachit/jackal_ws/install/jackal_control/lib/python3.10/site-packages/jackal_control-0.0.0-py3.10.egg-info
[0.730s] running install_scripts
[0.743s] Installing circle script to /home/prachit/jackal_ws/install/jackal_control/lib/jackal_control
[0.743s] Installing listener script to /home/prachit/jackal_ws/install/jackal_control/lib/jackal_control
[0.743s] Installing traj_plotter script to /home/prachit/jackal_ws/install/jackal_control/lib/jackal_control
[0.743s] writing list of installed files to '/home/prachit/jackal_ws/build/jackal_control/install.log'
[0.759s] Invoked command in '/home/prachit/jackal_ws/src/jackal_control' returned '0': PYTHONPATH=/home/prachit/jackal_ws/build/jackal_control/prefix_override:/usr/lib/python3/dist-packages/colcon_core/task/python/colcon_distutils_commands:/home/prachit/jackal_ws/install/jackal_control/lib/python3.10/site-packages:${PYTHONPATH} /usr/bin/python3 -W ignore:setup.py install is deprecated -W ignore:easy_install command is deprecated setup.py egg_info --egg-base ../../build/jackal_control build --build-base /home/prachit/jackal_ws/build/jackal_control/build install --record /home/prachit/jackal_ws/build/jackal_control/install.log --single-version-externally-managed install_data --force
