running develop
running egg_info
creating jackal_control.egg-info
writing jackal_control.egg-info/PKG-INFO
writing dependency_links to jackal_control.egg-info/dependency_links.txt
writing entry points to jackal_control.egg-info/entry_points.txt
writing requirements to jackal_control.egg-info/requires.txt
writing top-level names to jackal_control.egg-info/top_level.txt
writing manifest file 'jackal_control.egg-info/SOURCES.txt'
reading manifest file 'jackal_control.egg-info/SOURCES.txt'
writing manifest file 'jackal_control.egg-info/SOURCES.txt'
running build_ext
Creating /home/prachit/jackal_ws/install/jackal_control/lib/python3.10/site-packages/jackal-control.egg-link (link to .)

Installed /home/prachit/jackal_ws/build/jackal_control
running symlink_data
creating /home/prachit/jackal_ws/install/jackal_control/share/ament_index
creating /home/prachit/jackal_ws/install/jackal_control/share/ament_index/resource_index
creating /home/prachit/jackal_ws/install/jackal_control/share/ament_index/resource_index/packages
symbolically linking /home/prachit/jackal_ws/build/jackal_control/resource/jackal_control -> /home/prachit/jackal_ws/install/jackal_control/share/ament_index/resource_index/packages
symbolically linking /home/prachit/jackal_ws/build/jackal_control/package.xml -> /home/prachit/jackal_ws/install/jackal_control/share/jackal_control
