[0.456s] Invoking command in '/home/prachit/jackal_ws/build/jackal_control': PYTHONPATH=/home/prachit/jackal_ws/build/jackal_control/prefix_override:/usr/lib/python3/dist-packages/colcon_core/task/python/colcon_distutils_commands:/home/prachit/jackal_ws/install/jackal_control/lib/python3.10/site-packages:${PYTHONPATH} /usr/bin/python3 -W ignore:setup.py install is deprecated -W ignore:easy_install command is deprecated setup.py develop --editable --build-directory /home/prachit/jackal_ws/build/jackal_control/build --no-deps symlink_data
[0.615s] running develop
[0.723s] running egg_info
[0.723s] creating jackal_control.egg-info
[0.723s] writing jackal_control.egg-info/PKG-INFO
[0.724s] writing dependency_links to jackal_control.egg-info/dependency_links.txt
[0.724s] writing entry points to jackal_control.egg-info/entry_points.txt
[0.724s] writing requirements to jackal_control.egg-info/requires.txt
[0.724s] writing top-level names to jackal_control.egg-info/top_level.txt
[0.724s] writing manifest file 'jackal_control.egg-info/SOURCES.txt'
[0.725s] reading manifest file 'jackal_control.egg-info/SOURCES.txt'
[0.725s] writing manifest file 'jackal_control.egg-info/SOURCES.txt'
[0.726s] running build_ext
[0.727s] Creating /home/prachit/jackal_ws/install/jackal_control/lib/python3.10/site-packages/jackal-control.egg-link (link to .)
[0.727s] 
[0.727s] Installed /home/prachit/jackal_ws/build/jackal_control
[0.727s] running symlink_data
[0.727s] creating /home/prachit/jackal_ws/install/jackal_control/share/ament_index
[0.728s] creating /home/prachit/jackal_ws/install/jackal_control/share/ament_index/resource_index
[0.728s] creating /home/prachit/jackal_ws/install/jackal_control/share/ament_index/resource_index/packages
[0.728s] symbolically linking /home/prachit/jackal_ws/build/jackal_control/resource/jackal_control -> /home/prachit/jackal_ws/install/jackal_control/share/ament_index/resource_index/packages
[0.728s] symbolically linking /home/prachit/jackal_ws/build/jackal_control/package.xml -> /home/prachit/jackal_ws/install/jackal_control/share/jackal_control
[0.769s] Invoked command in '/home/prachit/jackal_ws/build/jackal_control' returned '0': PYTHONPATH=/home/prachit/jackal_ws/build/jackal_control/prefix_override:/usr/lib/python3/dist-packages/colcon_core/task/python/colcon_distutils_commands:/home/prachit/jackal_ws/install/jackal_control/lib/python3.10/site-packages:${PYTHONPATH} /usr/bin/python3 -W ignore:setup.py install is deprecated -W ignore:easy_install command is deprecated setup.py develop --editable --build-directory /home/prachit/jackal_ws/build/jackal_control/build --no-deps symlink_data
